Using pre-set license
Built from '2021.3/staging' branch; Version is '2021.3.23f1 (213b516bf396) revision 2177873'; Using compiler version '192829333'; Build Type 'Release'
OS: 'Windows 10  (10.0.19045) 64bit Professional' Language: 'es' Physical Memory: 32637 MB
BatchMode: 1, IsHumanControllingUs: 0, StartBugReporterOnCrash: 0, Is64bit: 1, IsPro: 1

COMMAND LINE ARGUMENTS:
D:\Unity Editors\2021.3.23f1\Editor\Unity.exe
-adb2
-batchMode
-noUpm
-name
AssetImportWorker2
-projectPath
C:/Users/Vazkez/Documents/GitHub/Curriculum/Curriculum
-logFile
Logs/AssetImportWorker2.log
-srvPort
51311
Successfully changed project path to: C:/Users/Vazkez/Documents/GitHub/Curriculum/Curriculum
C:/Users/Vazkez/Documents/GitHub/Curriculum/Curriculum
[UnityMemory] Configuration Parameters - Can be set up in boot.config
    "memorysetup-bucket-allocator-granularity=16"
    "memorysetup-bucket-allocator-bucket-count=8"
    "memorysetup-bucket-allocator-block-size=33554432"
    "memorysetup-bucket-allocator-block-count=8"
    "memorysetup-main-allocator-block-size=16777216"
    "memorysetup-thread-allocator-block-size=16777216"
    "memorysetup-gfx-main-allocator-block-size=16777216"
    "memorysetup-gfx-thread-allocator-block-size=16777216"
    "memorysetup-cache-allocator-block-size=4194304"
    "memorysetup-typetree-allocator-block-size=2097152"
    "memorysetup-profiler-bucket-allocator-granularity=16"
    "memorysetup-profiler-bucket-allocator-bucket-count=8"
    "memorysetup-profiler-bucket-allocator-block-size=33554432"
    "memorysetup-profiler-bucket-allocator-block-count=8"
    "memorysetup-profiler-allocator-block-size=16777216"
    "memorysetup-profiler-editor-allocator-block-size=1048576"
    "memorysetup-temp-allocator-size-main=16777216"
    "memorysetup-job-temp-allocator-block-size=2097152"
    "memorysetup-job-temp-allocator-block-size-background=1048576"
    "memorysetup-job-temp-allocator-reduction-small-platforms=262144"
    "memorysetup-temp-allocator-size-background-worker=32768"
    "memorysetup-temp-allocator-size-job-worker=262144"
    "memorysetup-temp-allocator-size-preload-manager=33554432"
    "memorysetup-temp-allocator-size-nav-mesh-worker=65536"
    "memorysetup-temp-allocator-size-audio-worker=65536"
    "memorysetup-temp-allocator-size-cloud-worker=32768"
    "memorysetup-temp-allocator-size-gi-baking-worker=262144"
    "memorysetup-temp-allocator-size-gfx=262144"
Player connection [22460] Host "[IP] 192.168.1.128 [Port] 0 [Flags] 2 [Guid] 677095428 [EditorId] 677095428 [Version] 1048832 [Id] WindowsEditor(7,DESKTOP-TBO2R08) [Debug] 1 [PackageName] WindowsEditor [ProjectName] Editor" joined multi-casting on [225.0.0.222:54997]...

Player connection [22460] Host "[IP] 192.168.1.128 [Port] 0 [Flags] 2 [Guid] 677095428 [EditorId] 677095428 [Version] 1048832 [Id] WindowsEditor(7,DESKTOP-TBO2R08) [Debug] 1 [PackageName] WindowsEditor [ProjectName] Editor" joined alternative multi-casting on [225.0.0.222:34997]...

Refreshing native plugins compatible for Editor in 84.75 ms, found 4 plugins.
Preloading 0 native plugins for Editor in 0.00 ms.
Initialize engine version: 2021.3.23f1 (213b516bf396)
[Subsystems] Discovering subsystems at path D:/Unity Editors/2021.3.23f1/Editor/Data/Resources/UnitySubsystems
[Subsystems] Discovering subsystems at path C:/Users/Vazkez/Documents/GitHub/Curriculum/Curriculum/Assets
GfxDevice: creating device client; threaded=0; jobified=0
Direct3D:
    Version:  Direct3D 11.0 [level 11.1]
    Renderer: NVIDIA GeForce RTX 3060 Ti (ID=0x2489)
    Vendor:   NVIDIA
    VRAM:     8038 MB
    Driver:   31.0.15.3623
Initialize mono
Mono path[0] = 'D:/Unity Editors/2021.3.23f1/Editor/Data/Managed'
Mono path[1] = 'D:/Unity Editors/2021.3.23f1/Editor/Data/MonoBleedingEdge/lib/mono/unityjit-win32'
Mono config path = 'D:/Unity Editors/2021.3.23f1/Editor/Data/MonoBleedingEdge/etc'
Using monoOptions --debugger-agent=transport=dt_socket,embedding=1,server=y,suspend=n,address=127.0.0.1:56456
Begin MonoManager ReloadAssembly
Registering precompiled unity dll's ...
Register platform support module: D:/Unity Editors/2021.3.23f1/Editor/Data/PlaybackEngines/WebGLSupport/UnityEditor.WebGL.Extensions.dll
Register platform support module: D:/Unity Editors/2021.3.23f1/Editor/Data/PlaybackEngines/AndroidPlayer/UnityEditor.Android.Extensions.dll
Register platform support module: D:/Unity Editors/2021.3.23f1/Editor/Data/PlaybackEngines/WindowsStandaloneSupport/UnityEditor.WindowsStandalone.Extensions.dll
Registered in 0.002274 seconds.
Native extension for WindowsStandalone target not found
Native extension for Android target not found
Android Extension - Scanning For ADB Devices 171 ms
Native extension for WebGL target not found
Refreshing native plugins compatible for Editor in 82.61 ms, found 4 plugins.
Preloading 0 native plugins for Editor in 0.00 ms.
Mono: successfully reloaded assembly
- Completed reload, in  0.717 seconds
Domain Reload Profiling:
	ReloadAssembly (717ms)
		BeginReloadAssembly (67ms)
			ExecutionOrderSort (0ms)
			DisableScriptedObjects (0ms)
			BackupInstance (0ms)
			ReleaseScriptingObjects (0ms)
			CreateAndSetChildDomain (1ms)
		EndReloadAssembly (580ms)
			LoadAssemblies (67ms)
			RebuildTransferFunctionScriptingTraits (0ms)
			SetupTypeCache (99ms)
			ReleaseScriptCaches (0ms)
			RebuildScriptCaches (23ms)
			SetupLoadedEditorAssemblies (418ms)
				LogAssemblyErrors (0ms)
				InitializePlatformSupportModulesInManaged (237ms)
				SetLoadedEditorAssemblies (0ms)
				RefreshPlugins (83ms)
				BeforeProcessingInitializeOnLoad (1ms)
				ProcessInitializeOnLoadAttributes (67ms)
				ProcessInitializeOnLoadMethodAttributes (31ms)
				AfterProcessingInitializeOnLoad (0ms)
				EditorAssembliesLoaded (0ms)
			ExecutionOrderSort2 (0ms)
			AwakeInstancesAfterBackupRestoration (0ms)
Platform modules already initialized, skipping
Registering precompiled user dll's ...
Registered in 0.006423 seconds.
Begin MonoManager ReloadAssembly
Symbol file LoadedFromMemory doesn't match image C:\Users\Vazkez\Documents\GitHub\Curriculum\Curriculum\Library\PackageCache\com.unity.visualscripting@1.8.0\Editor\VisualScripting.Core\Dependencies\YamlDotNet\Unity.VisualScripting.YamlDotNet.dll
Symbol file LoadedFromMemory doesn't match image C:\Users\Vazkez\Documents\GitHub\Curriculum\Curriculum\Library\PackageCache\com.unity.visualscripting@1.8.0\Editor\VisualScripting.Core\Dependencies\DotNetZip\Unity.VisualScripting.IonicZip.dll
Native extension for WindowsStandalone target not found
Native extension for Android target not found
Native extension for WebGL target not found
Refreshing native plugins compatible for Editor in 97.86 ms, found 4 plugins.
Preloading 0 native plugins for Editor in 0.00 ms.
Mono: successfully reloaded assembly
- Completed reload, in  1.083 seconds
Domain Reload Profiling:
	ReloadAssembly (1084ms)
		BeginReloadAssembly (96ms)
			ExecutionOrderSort (0ms)
			DisableScriptedObjects (4ms)
			BackupInstance (0ms)
			ReleaseScriptingObjects (0ms)
			CreateAndSetChildDomain (13ms)
		EndReloadAssembly (906ms)
			LoadAssemblies (83ms)
			RebuildTransferFunctionScriptingTraits (0ms)
			SetupTypeCache (252ms)
			ReleaseScriptCaches (0ms)
			RebuildScriptCaches (56ms)
			SetupLoadedEditorAssemblies (466ms)
				LogAssemblyErrors (0ms)
				InitializePlatformSupportModulesInManaged (21ms)
				SetLoadedEditorAssemblies (0ms)
				RefreshPlugins (98ms)
				BeforeProcessingInitializeOnLoad (85ms)
				ProcessInitializeOnLoadAttributes (231ms)
				ProcessInitializeOnLoadMethodAttributes (29ms)
				AfterProcessingInitializeOnLoad (2ms)
				EditorAssembliesLoaded (0ms)
			ExecutionOrderSort2 (0ms)
			AwakeInstancesAfterBackupRestoration (5ms)
Platform modules already initialized, skipping
========================================================================
Worker process is ready to serve import requests
Launched and connected shader compiler UnityShaderCompiler.exe after 0.02 seconds
Refreshing native plugins compatible for Editor in 0.56 ms, found 4 plugins.
Preloading 0 native plugins for Editor in 0.00 ms.
Unloading 4792 Unused Serialized files (Serialized files now loaded: 0)
Unloading 44 unused Assets / (203.4 KB). Loaded Objects now: 5253.
Memory consumption went from 177.5 MB to 177.3 MB.
Total: 2.604300 ms (FindLiveObjects: 0.240400 ms CreateObjectMapping: 0.130600 ms MarkObjects: 2.122500 ms  DeleteObjects: 0.110200 ms)

AssetImportParameters requested are different than current active one (requested -> active):
  custom:video-decoder-ogg-theora: a1e56fd34408186e4bbccfd4996cb3dc -> 
  custom:container-muxer-webm: aa71ff27fc2769a1b78a27578f13a17b -> 
  custom:container-demuxer-webm: 4f35f7cbe854078d1ac9338744f61a02 -> 
  custom:video-encoder-webm-vp8: eb34c28f22e8b96e1ab97ce403110664 -> 
  custom:audio-encoder-webm-vorbis: bf7c407c2cedff20999df2af8eb42d56 -> 
  custom:framework-win-MediaFoundation: 216162199b28c13a410421893ffa2e32 -> 
  custom:container-demuxer-ogg: 62fdf1f143b41e24485cea50d1cbac27 -> 
  custom:video-decoder-webm-vp8: 9c59270c3fd7afecdb556c50c9e8de78 -> 
  custom:audio-decoder-ogg-vorbis: bf7c407c2cedff20999df2af8eb42d56 -> 
========================================================================
Received Prepare
Registering precompiled user dll's ...
Registered in 0.006513 seconds.
Begin MonoManager ReloadAssembly
Symbol file LoadedFromMemory doesn't match image C:\Users\Vazkez\Documents\GitHub\Curriculum\Curriculum\Library\PackageCache\com.unity.visualscripting@1.8.0\Editor\VisualScripting.Core\Dependencies\YamlDotNet\Unity.VisualScripting.YamlDotNet.dll
Symbol file LoadedFromMemory doesn't match image C:\Users\Vazkez\Documents\GitHub\Curriculum\Curriculum\Library\PackageCache\com.unity.visualscripting@1.8.0\Editor\VisualScripting.Core\Dependencies\DotNetZip\Unity.VisualScripting.IonicZip.dll
Native extension for WindowsStandalone target not found
Native extension for Android target not found
Native extension for WebGL target not found
Refreshing native plugins compatible for Editor in 0.65 ms, found 4 plugins.
Preloading 0 native plugins for Editor in 0.00 ms.
Mono: successfully reloaded assembly
- Completed reload, in  0.811 seconds
Domain Reload Profiling:
	ReloadAssembly (812ms)
		BeginReloadAssembly (121ms)
			ExecutionOrderSort (0ms)
			DisableScriptedObjects (5ms)
			BackupInstance (0ms)
			ReleaseScriptingObjects (0ms)
			CreateAndSetChildDomain (30ms)
		EndReloadAssembly (625ms)
			LoadAssemblies (86ms)
			RebuildTransferFunctionScriptingTraits (0ms)
			SetupTypeCache (188ms)
			ReleaseScriptCaches (1ms)
			RebuildScriptCaches (34ms)
			SetupLoadedEditorAssemblies (261ms)
				LogAssemblyErrors (0ms)
				InitializePlatformSupportModulesInManaged (14ms)
				SetLoadedEditorAssemblies (0ms)
				RefreshPlugins (1ms)
				BeforeProcessingInitializeOnLoad (62ms)
				ProcessInitializeOnLoadAttributes (141ms)
				ProcessInitializeOnLoadMethodAttributes (41ms)
				AfterProcessingInitializeOnLoad (3ms)
				EditorAssembliesLoaded (0ms)
			ExecutionOrderSort2 (0ms)
			AwakeInstancesAfterBackupRestoration (15ms)
Platform modules already initialized, skipping
Refreshing native plugins compatible for Editor in 1.88 ms, found 4 plugins.
Preloading 0 native plugins for Editor in 0.00 ms.
Unloading 4745 Unused Serialized files (Serialized files now loaded: 0)
Unloading 37 unused Assets / (195.9 KB). Loaded Objects now: 5251.
Memory consumption went from 175.1 MB to 174.9 MB.
Total: 2.478000 ms (FindLiveObjects: 0.210400 ms CreateObjectMapping: 0.123500 ms MarkObjects: 2.031700 ms  DeleteObjects: 0.111500 ms)

AssetImportParameters requested are different than current active one (requested -> active):
  custom:video-decoder-ogg-theora: a1e56fd34408186e4bbccfd4996cb3dc -> 
  custom:container-muxer-webm: aa71ff27fc2769a1b78a27578f13a17b -> 
  custom:container-demuxer-webm: 4f35f7cbe854078d1ac9338744f61a02 -> 
  custom:video-encoder-webm-vp8: eb34c28f22e8b96e1ab97ce403110664 -> 
  custom:audio-encoder-webm-vorbis: bf7c407c2cedff20999df2af8eb42d56 -> 
  custom:framework-win-MediaFoundation: 216162199b28c13a410421893ffa2e32 -> 
  custom:container-demuxer-ogg: 62fdf1f143b41e24485cea50d1cbac27 -> 
  custom:video-decoder-webm-vp8: 9c59270c3fd7afecdb556c50c9e8de78 -> 
  custom:audio-decoder-ogg-vorbis: bf7c407c2cedff20999df2af8eb42d56 -> 
========================================================================
Received Import Request.
  Time since last request: 11098.987082 seconds.
  path: Assets/TextMesh Pro/Resources/Fonts & Materials/LiberationSans SDF - Fallback.asset
  artifactKey: Guid(2e498d1c8094910479dc3e1b768306a4) Importer(815301076,1909f56bfc062723c751e8b465ee728b)
Start importing Assets/TextMesh Pro/Resources/Fonts & Materials/LiberationSans SDF - Fallback.asset using Guid(2e498d1c8094910479dc3e1b768306a4) Importer(815301076,1909f56bfc062723c751e8b465ee728b)  -> (artifact id: '5eb6b60eea71acf944dc89fec9df0c72') in 0.100164 seconds 
========================================================================
Received Import Request.
  Time since last request: 1.171608 seconds.
  path: Assets/TextMesh Pro/Resources/Sprite Assets/EmojiOne.asset
  artifactKey: Guid(c41005c129ba4d66911b75229fd70b45) Importer(815301076,1909f56bfc062723c751e8b465ee728b)
Start importing Assets/TextMesh Pro/Resources/Sprite Assets/EmojiOne.asset using Guid(c41005c129ba4d66911b75229fd70b45) Importer(815301076,1909f56bfc062723c751e8b465ee728b)  -> (artifact id: '3950451084668360d05945240589cf11') in 0.008583 seconds 
========================================================================
Received Import Request.
  Time since last request: 1.166953 seconds.
  path: Assets/TextMesh Pro/Resources/Style Sheets/Default Style Sheet.asset
  artifactKey: Guid(f952c082cb03451daed3ee968ac6c63e) Importer(815301076,1909f56bfc062723c751e8b465ee728b)
Start importing Assets/TextMesh Pro/Resources/Style Sheets/Default Style Sheet.asset using Guid(f952c082cb03451daed3ee968ac6c63e) Importer(815301076,1909f56bfc062723c751e8b465ee728b)  -> (artifact id: 'c72200549b97ff12ff44a36c3fabf96c') in 0.006306 seconds 
========================================================================
Received Import Request.
  Time since last request: 1.419934 seconds.
  path: Assets/TextMesh Pro/Shaders/TMPro.cginc
  artifactKey: Guid(407bc68d299748449bbf7f48ee690f8d) Importer(815301076,1909f56bfc062723c751e8b465ee728b)
Start importing Assets/TextMesh Pro/Shaders/TMPro.cginc using Guid(407bc68d299748449bbf7f48ee690f8d) Importer(815301076,1909f56bfc062723c751e8b465ee728b)  -> (artifact id: '9166bc1abaeb281fc6783cc3fe76c458') in 0.011264 seconds 
========================================================================
Received Import Request.
  Time since last request: 0.000032 seconds.
  path: Assets/TextMesh Pro/Shaders/TMPro_Surface.cginc
  artifactKey: Guid(d930090c0cd643c7b55f19a38538c162) Importer(815301076,1909f56bfc062723c751e8b465ee728b)
Start importing Assets/TextMesh Pro/Shaders/TMPro_Surface.cginc using Guid(d930090c0cd643c7b55f19a38538c162) Importer(815301076,1909f56bfc062723c751e8b465ee728b)  -> (artifact id: '0b707fb793fd60a56581099cf81a197e') in 0.009986 seconds 
========================================================================
Received Import Request.
  Time since last request: 0.000018 seconds.
  path: Assets/TextMesh Pro/Shaders/TMPro_Properties.cginc
  artifactKey: Guid(3997e2241185407d80309a82f9148466) Importer(815301076,1909f56bfc062723c751e8b465ee728b)
Start importing Assets/TextMesh Pro/Shaders/TMPro_Properties.cginc using Guid(3997e2241185407d80309a82f9148466) Importer(815301076,1909f56bfc062723c751e8b465ee728b)  -> (artifact id: '7506c69260bf7c1cdf33a8f62db534a1') in 0.010081 seconds 
========================================================================
Received Import Request.
  Time since last request: 1.408981 seconds.
  path: Assets/TextMesh Pro/Sprites/EmojiOne.png
  artifactKey: Guid(dffef66376be4fa480fb02b19edbe903) Importer(815301076,1909f56bfc062723c751e8b465ee728b)
Start importing Assets/TextMesh Pro/Sprites/EmojiOne.png using Guid(dffef66376be4fa480fb02b19edbe903) Importer(815301076,1909f56bfc062723c751e8b465ee728b)  -> (artifact id: '712c5d5e1f2d8b4d249facf08fdd7c22') in 0.033669 seconds 
========================================================================
Received Import Request.
  Time since last request: 12.846277 seconds.
  path: Assets/Textures/Certificates/CertificadoMonitorio1.jpg
  artifactKey: Guid(582a1e1eea29ba042b503c7a4038f73e) Importer(815301076,1909f56bfc062723c751e8b465ee728b)
Start importing Assets/Textures/Certificates/CertificadoMonitorio1.jpg using Guid(582a1e1eea29ba042b503c7a4038f73e) Importer(815301076,1909f56bfc062723c751e8b465ee728b)  -> (artifact id: '123c142dd7a8886e74f1825378b628c0') in 0.188983 seconds 
========================================================================
Received Import Request.
  Time since last request: 0.000041 seconds.
  path: Assets/Textures/Certificates/DAW_page-0001.jpg
  artifactKey: Guid(533361a6e19376c4b9fbb9fe95a9390f) Importer(815301076,1909f56bfc062723c751e8b465ee728b)
Start importing Assets/Textures/Certificates/DAW_page-0001.jpg using Guid(533361a6e19376c4b9fbb9fe95a9390f) Importer(815301076,1909f56bfc062723c751e8b465ee728b)  -> (artifact id: '5ca7f6592842b31fa13601de33342e96') in 0.204362 seconds 
========================================================================
Received Import Request.
  Time since last request: 0.000024 seconds.
  path: Assets/Textures/Certificates/Monitor3.jpg
  artifactKey: Guid(c26feaadfe067384781626db965de95e) Importer(815301076,1909f56bfc062723c751e8b465ee728b)
Start importing Assets/Textures/Certificates/Monitor3.jpg using Guid(c26feaadfe067384781626db965de95e) Importer(815301076,1909f56bfc062723c751e8b465ee728b)  -> (artifact id: 'ea4ff036d5438316eb48a4fd12e86bab') in 0.132821 seconds 
========================================================================
Received Import Request.
  Time since last request: 0.000018 seconds.
  path: Assets/Textures/Certificates/openwebinars28.jpg
  artifactKey: Guid(4e52efc666f3959408ba11d227e34675) Importer(815301076,1909f56bfc062723c751e8b465ee728b)
Start importing Assets/Textures/Certificates/openwebinars28.jpg using Guid(4e52efc666f3959408ba11d227e34675) Importer(815301076,1909f56bfc062723c751e8b465ee728b)  -> (artifact id: '1ca68002e48fdc2b519852b35714eccd') in 0.175729 seconds 
========================================================================
Received Import Request.
  Time since last request: 0.000036 seconds.
  path: Assets/Textures/Certificates/openwebinars20.jpg
  artifactKey: Guid(43c7192f5ecdc854885ac7c784a1ecc3) Importer(815301076,1909f56bfc062723c751e8b465ee728b)
Start importing Assets/Textures/Certificates/openwebinars20.jpg using Guid(43c7192f5ecdc854885ac7c784a1ecc3) Importer(815301076,1909f56bfc062723c751e8b465ee728b)  -> (artifact id: '2bba03c76fd89b41e9810d377d089aeb') in 0.164358 seconds 
========================================================================
Received Import Request.
  Time since last request: 0.000033 seconds.
  path: Assets/Textures/Certificates/DAM_page-0001.jpg
  artifactKey: Guid(0cb06230c321a2b4a84debe4e661505f) Importer(815301076,1909f56bfc062723c751e8b465ee728b)
Start importing Assets/Textures/Certificates/DAM_page-0001.jpg using Guid(0cb06230c321a2b4a84debe4e661505f) Importer(815301076,1909f56bfc062723c751e8b465ee728b)  -> (artifact id: 'd01c230ce03c499f2771449c25a752df') in 0.149106 seconds 
========================================================================
Received Import Request.
  Time since last request: 0.000026 seconds.
  path: Assets/Textures/Certificates/openwebinars29.jpg
  artifactKey: Guid(7d4cf62d0c7a37040a733a8518290879) Importer(815301076,1909f56bfc062723c751e8b465ee728b)
Start importing Assets/Textures/Certificates/openwebinars29.jpg using Guid(7d4cf62d0c7a37040a733a8518290879) Importer(815301076,1909f56bfc062723c751e8b465ee728b)  -> (artifact id: 'dd1a44f16128ac1be13b163d5cfc2f36') in 0.167458 seconds 
========================================================================
Received Import Request.
  Time since last request: 0.000017 seconds.
  path: Assets/Textures/UI/Stone-GreenP_4k.png
  artifactKey: Guid(e695a6737f288ac4eae8d2ca61bce72e) Importer(815301076,1909f56bfc062723c751e8b465ee728b)
Start importing Assets/Textures/UI/Stone-GreenP_4k.png using Guid(e695a6737f288ac4eae8d2ca61bce72e) Importer(815301076,1909f56bfc062723c751e8b465ee728b)  -> (artifact id: '71c8bd969ca3f51eb87969b53834ca5d') in 0.936335 seconds 
========================================================================
Received Import Request.
  Time since last request: 0.000028 seconds.
  path: Assets/Textures/Certificates/openwebinars2.jpg
  artifactKey: Guid(57231636827d8ad48b4f86d92411dcdb) Importer(815301076,1909f56bfc062723c751e8b465ee728b)
Start importing Assets/Textures/Certificates/openwebinars2.jpg using Guid(57231636827d8ad48b4f86d92411dcdb) Importer(815301076,1909f56bfc062723c751e8b465ee728b)  -> (artifact id: '4c8a4e67d5e475658dc648870ac82fb5') in 0.152319 seconds 
========================================================================
Received Import Request.
  Time since last request: 0.000024 seconds.
  path: Assets/Textures/Certificates/openwebinars10.jpg
  artifactKey: Guid(f9f272278be7c094db240725ef707862) Importer(815301076,1909f56bfc062723c751e8b465ee728b)
Start importing Assets/Textures/Certificates/openwebinars10.jpg using Guid(f9f272278be7c094db240725ef707862) Importer(815301076,1909f56bfc062723c751e8b465ee728b)  -> (artifact id: '9aeb287ad04973f719a0bbe4bccfa574') in 0.165765 seconds 
========================================================================
Received Import Request.
  Time since last request: 0.000026 seconds.
  path: Assets/Textures/Certificates/openwebinars1.jpg
  artifactKey: Guid(f8ca6911b69151f4cbc9f8e3d43d09a0) Importer(815301076,1909f56bfc062723c751e8b465ee728b)
Start importing Assets/Textures/Certificates/openwebinars1.jpg using Guid(f8ca6911b69151f4cbc9f8e3d43d09a0) Importer(815301076,1909f56bfc062723c751e8b465ee728b)  -> (artifact id: 'e3133ed4a5c0554f47a3449c248ce09a') in 0.157262 seconds 
========================================================================
Received Import Request.
  Time since last request: 0.000035 seconds.
  path: Assets/Textures/Certificates/openwebinars23.jpg
  artifactKey: Guid(c8b5f041be5d6e94db620c6a4639172b) Importer(815301076,1909f56bfc062723c751e8b465ee728b)
Start importing Assets/Textures/Certificates/openwebinars23.jpg using Guid(c8b5f041be5d6e94db620c6a4639172b) Importer(815301076,1909f56bfc062723c751e8b465ee728b)  -> (artifact id: '5719914ca2f861ffbb15824cf5ea6d11') in 0.158315 seconds 
========================================================================
Received Import Request.
  Time since last request: 0.000017 seconds.
  path: Assets/Textures/Certificates/unitytokio.jpg
  artifactKey: Guid(cd75680af22a94f4b916af42b5ff8eda) Importer(815301076,1909f56bfc062723c751e8b465ee728b)
Start importing Assets/Textures/Certificates/unitytokio.jpg using Guid(cd75680af22a94f4b916af42b5ff8eda) Importer(815301076,1909f56bfc062723c751e8b465ee728b)  -> (artifact id: 'ea95d2fdf4d9b395a4b8054eae433e98') in 0.221669 seconds 
========================================================================
Received Import Request.
  Time since last request: 0.000022 seconds.
  path: Assets/Textures/Certificates/openwebinars33.jpg
  artifactKey: Guid(020b5a0d714bcf94e9d1741bf2279241) Importer(815301076,1909f56bfc062723c751e8b465ee728b)
Start importing Assets/Textures/Certificates/openwebinars33.jpg using Guid(020b5a0d714bcf94e9d1741bf2279241) Importer(815301076,1909f56bfc062723c751e8b465ee728b)  -> (artifact id: '4fad7fa6f7fd09646d9487f9cdff4dd8') in 0.168426 seconds 
========================================================================
Received Import Request.
  Time since last request: 0.000025 seconds.
  path: Assets/Textures/UI/sound.png
  artifactKey: Guid(5fbe8c6244090fa46b6faf5b4058dfae) Importer(815301076,1909f56bfc062723c751e8b465ee728b)
Start importing Assets/Textures/UI/sound.png using Guid(5fbe8c6244090fa46b6faf5b4058dfae) Importer(815301076,1909f56bfc062723c751e8b465ee728b)  -> (artifact id: 'dcbdc31853f04eb41ee61d0be79a8892') in 0.022529 seconds 
========================================================================
Received Import Request.
  Time since last request: 0.000019 seconds.
  path: Assets/Textures/cliffright1.png
  artifactKey: Guid(329ca50d92db09648a43df24cfeafba5) Importer(815301076,1909f56bfc062723c751e8b465ee728b)
Start importing Assets/Textures/cliffright1.png using Guid(329ca50d92db09648a43df24cfeafba5) Importer(815301076,1909f56bfc062723c751e8b465ee728b)  -> (artifact id: '64c9cd679acaf8ac0384ed851c655564') in 0.047290 seconds 
========================================================================
Received Import Request.
  Time since last request: 0.000014 seconds.
  path: Assets/Textures/cliff_background1.png
  artifactKey: Guid(bedb310ab832e914c8201918c24d3408) Importer(815301076,1909f56bfc062723c751e8b465ee728b)
Start importing Assets/Textures/cliff_background1.png using Guid(bedb310ab832e914c8201918c24d3408) Importer(815301076,1909f56bfc062723c751e8b465ee728b)  -> (artifact id: 'eac9449ba2668c5e90ffcead2d8bf086') in 0.036764 seconds 
========================================================================
Received Import Request.
  Time since last request: 0.000027 seconds.
  path: Assets/Textures/cl1.png
  artifactKey: Guid(18aae002fa056c3449ac30b7021a40a7) Importer(815301076,1909f56bfc062723c751e8b465ee728b)
Start importing Assets/Textures/cl1.png using Guid(18aae002fa056c3449ac30b7021a40a7) Importer(815301076,1909f56bfc062723c751e8b465ee728b)  -> (artifact id: 'b3552f686ab1bfaab3eaf6caab4cd3cc') in 0.071240 seconds 
========================================================================
Received Import Request.
  Time since last request: 0.001336 seconds.
  path: Assets/Textures/1.png
  artifactKey: Guid(66e56e4315aaabd49b38cfec8a9dddf5) Importer(815301076,1909f56bfc062723c751e8b465ee728b)
Start importing Assets/Textures/1.png using Guid(66e56e4315aaabd49b38cfec8a9dddf5) Importer(815301076,1909f56bfc062723c751e8b465ee728b)  -> (artifact id: '64619396bde2327ea941f1fa81d460f5') in 0.749607 seconds 
========================================================================
Received Import Request.
  Time since last request: 0.000036 seconds.
  path: Assets/Textures/branch3b.png
  artifactKey: Guid(5ddf089504dacfa4e8e7ad5c1c2f3041) Importer(815301076,1909f56bfc062723c751e8b465ee728b)
Start importing Assets/Textures/branch3b.png using Guid(5ddf089504dacfa4e8e7ad5c1c2f3041) Importer(815301076,1909f56bfc062723c751e8b465ee728b)  -> (artifact id: 'fd378c739bc91289a0fa07b19c6f5dcf') in 0.033460 seconds 
========================================================================
Received Import Request.
  Time since last request: 0.000023 seconds.
  path: Assets/Textures/bridge.png
  artifactKey: Guid(4e7f0f3531281224284ca874758923d5) Importer(815301076,1909f56bfc062723c751e8b465ee728b)
Start importing Assets/Textures/bridge.png using Guid(4e7f0f3531281224284ca874758923d5) Importer(815301076,1909f56bfc062723c751e8b465ee728b)  -> (artifact id: '707277ee21a8b2af1e85dece5826d089') in 0.050037 seconds 
========================================================================
Received Import Request.
  Time since last request: 0.000017 seconds.
  path: Assets/Textures/bush-2.png
  artifactKey: Guid(c89bc3415bc971a459f2885debd0d63f) Importer(815301076,1909f56bfc062723c751e8b465ee728b)
Start importing Assets/Textures/bush-2.png using Guid(c89bc3415bc971a459f2885debd0d63f) Importer(815301076,1909f56bfc062723c751e8b465ee728b)  -> (artifact id: '266b8bf38ca3f3bf31f09d8ce05f81be') in 0.037224 seconds 
========================================================================
Received Import Request.
  Time since last request: 0.000023 seconds.
  path: Assets/Textures/cliff_background2.png
  artifactKey: Guid(1709b823de4cd894ebbcfa4bd656e227) Importer(815301076,1909f56bfc062723c751e8b465ee728b)
Start importing Assets/Textures/cliff_background2.png using Guid(1709b823de4cd894ebbcfa4bd656e227) Importer(815301076,1909f56bfc062723c751e8b465ee728b)  -> (artifact id: 'cd00e1bc06ec75412b741ce6a3363e1f') in 0.038975 seconds 
========================================================================
Received Import Request.
  Time since last request: 0.000031 seconds.
  path: Assets/Textures/backgr2.psd
  artifactKey: Guid(377aef1c7b4d75b4a96c94db107d3794) Importer(815301076,1909f56bfc062723c751e8b465ee728b)
Start importing Assets/Textures/backgr2.psd using Guid(377aef1c7b4d75b4a96c94db107d3794) Importer(815301076,1909f56bfc062723c751e8b465ee728b)  -> (artifact id: 'ad63cf79bb72f25b6395fe718cb59b19') in 0.265306 seconds 
========================================================================
Received Import Request.
  Time since last request: 0.000031 seconds.
  path: Assets/Textures/UI/music.png
  artifactKey: Guid(ba5b01e95e5895243b9a05380c21122e) Importer(815301076,1909f56bfc062723c751e8b465ee728b)
Start importing Assets/Textures/UI/music.png using Guid(ba5b01e95e5895243b9a05380c21122e) Importer(815301076,1909f56bfc062723c751e8b465ee728b)  -> (artifact id: '86a55705b93e39d2feadaff5c5af9166') in 0.016553 seconds 
========================================================================
Received Import Request.
  Time since last request: 0.000029 seconds.
  path: Assets/Textures/Arm-of-liana.png
  artifactKey: Guid(f61eb8974bf83b74b9009c2dfd824de6) Importer(815301076,1909f56bfc062723c751e8b465ee728b)
Start importing Assets/Textures/Arm-of-liana.png using Guid(f61eb8974bf83b74b9009c2dfd824de6) Importer(815301076,1909f56bfc062723c751e8b465ee728b)  -> (artifact id: '1c7e691b01c8b5b4bdd8f4f724728205') in 0.054525 seconds 
========================================================================
Received Import Request.
  Time since last request: 0.000015 seconds.
  path: Assets/Textures/Certificates/Monitor2.jpg
  artifactKey: Guid(44e72b44240fd3a4d94a9a3ce4c2bf38) Importer(815301076,1909f56bfc062723c751e8b465ee728b)
Start importing Assets/Textures/Certificates/Monitor2.jpg using Guid(44e72b44240fd3a4d94a9a3ce4c2bf38) Importer(815301076,1909f56bfc062723c751e8b465ee728b)  -> (artifact id: '964ffdab2aaf1ae9c04051409542f33a') in 0.172367 seconds 
========================================================================
Received Import Request.
  Time since last request: 0.000025 seconds.
  path: Assets/Textures/Certificates/openwebinars24.jpg
  artifactKey: Guid(dccc6e4429cfead4a94f2f7c57714efa) Importer(815301076,1909f56bfc062723c751e8b465ee728b)
Start importing Assets/Textures/Certificates/openwebinars24.jpg using Guid(dccc6e4429cfead4a94f2f7c57714efa) Importer(815301076,1909f56bfc062723c751e8b465ee728b)  -> (artifact id: '11236e5eeab954f31468068d7ea3bfc7') in 0.168677 seconds 
========================================================================
Received Import Request.
  Time since last request: 0.000029 seconds.
  path: Assets/Textures/Certificates/openwebinars19.jpg
  artifactKey: Guid(1c45773d813a90941afd6b8451955cde) Importer(815301076,1909f56bfc062723c751e8b465ee728b)
Start importing Assets/Textures/Certificates/openwebinars19.jpg using Guid(1c45773d813a90941afd6b8451955cde) Importer(815301076,1909f56bfc062723c751e8b465ee728b)  -> (artifact id: '72c48f5ad248759c7f4f0501ca0786c2') in 0.159739 seconds 
========================================================================
Received Import Request.
  Time since last request: 20.634301 seconds.
  path: Assets/Sounds/Button.wav
  artifactKey: Guid(53b8cbd29a623a24db43ce3e4fe7b61e) Importer(815301076,1909f56bfc062723c751e8b465ee728b)
Start importing Assets/Sounds/Button.wav using Guid(53b8cbd29a623a24db43ce3e4fe7b61e) Importer(815301076,1909f56bfc062723c751e8b465ee728b)  -> (artifact id: '5d3bf6927131f1d8b86e069413c4b259') in 0.074046 seconds 
========================================================================
Received Import Request.
  Time since last request: 12.500364 seconds.
  path: Assets/Materials/falling_leaves.mat
  artifactKey: Guid(b9609695bff840240856888828712695) Importer(815301076,1909f56bfc062723c751e8b465ee728b)
Start importing Assets/Materials/falling_leaves.mat using Guid(b9609695bff840240856888828712695) Importer(815301076,1909f56bfc062723c751e8b465ee728b)  -> (artifact id: 'f102ecbeabd0f69ddc35d515fae40c7a') in 0.040680 seconds 
========================================================================
Received Import Request.
  Time since last request: 2.170501 seconds.
  path: Assets/Localization/Languages_en.asset
  artifactKey: Guid(0a466c96712014b4faa2756db0cd5f7f) Importer(815301076,1909f56bfc062723c751e8b465ee728b)
Start importing Assets/Localization/Languages_en.asset using Guid(0a466c96712014b4faa2756db0cd5f7f) Importer(815301076,1909f56bfc062723c751e8b465ee728b)  -> (artifact id: 'bf344d6653c818416c9101502d68cbc5') in 0.019282 seconds 
========================================================================
Received Prepare
Refreshing native plugins compatible for Editor in 4.39 ms, found 4 plugins.
Preloading 0 native plugins for Editor in 0.00 ms.
Unloading 32 Unused Serialized files (Serialized files now loaded: 0)
Unloading 32 unused Assets / (194.5 KB). Loaded Objects now: 5441.
Memory consumption went from 85.8 MB to 85.6 MB.
Total: 3.531000 ms (FindLiveObjects: 0.264500 ms CreateObjectMapping: 0.157000 ms MarkObjects: 2.963100 ms  DeleteObjects: 0.145100 ms)

AssetImportParameters requested are different than current active one (requested -> active):
  custom:video-decoder-ogg-theora: a1e56fd34408186e4bbccfd4996cb3dc -> 
  custom:container-muxer-webm: aa71ff27fc2769a1b78a27578f13a17b -> 
  custom:container-demuxer-webm: 4f35f7cbe854078d1ac9338744f61a02 -> 
  custom:video-encoder-webm-vp8: eb34c28f22e8b96e1ab97ce403110664 -> 
  custom:audio-encoder-webm-vorbis: bf7c407c2cedff20999df2af8eb42d56 -> 
  custom:framework-win-MediaFoundation: 216162199b28c13a410421893ffa2e32 -> 
  custom:container-demuxer-ogg: 62fdf1f143b41e24485cea50d1cbac27 -> 
  custom:video-decoder-webm-vp8: 9c59270c3fd7afecdb556c50c9e8de78 -> 
  custom:audio-decoder-ogg-vorbis: bf7c407c2cedff20999df2af8eb42d56 -> 
========================================================================
Received Prepare
Refreshing native plugins compatible for Editor in 4.18 ms, found 4 plugins.
Preloading 0 native plugins for Editor in 0.00 ms.
Unloading 32 Unused Serialized files (Serialized files now loaded: 0)
Unloading 32 unused Assets / (193.6 KB). Loaded Objects now: 5441.
Memory consumption went from 85.8 MB to 85.6 MB.
Total: 3.698900 ms (FindLiveObjects: 0.250500 ms CreateObjectMapping: 0.159100 ms MarkObjects: 3.169400 ms  DeleteObjects: 0.119200 ms)

AssetImportParameters requested are different than current active one (requested -> active):
  custom:video-decoder-ogg-theora: a1e56fd34408186e4bbccfd4996cb3dc -> 
  custom:container-muxer-webm: aa71ff27fc2769a1b78a27578f13a17b -> 
  custom:container-demuxer-webm: 4f35f7cbe854078d1ac9338744f61a02 -> 
  custom:video-encoder-webm-vp8: eb34c28f22e8b96e1ab97ce403110664 -> 
  custom:audio-encoder-webm-vorbis: bf7c407c2cedff20999df2af8eb42d56 -> 
  custom:framework-win-MediaFoundation: 216162199b28c13a410421893ffa2e32 -> 
  custom:container-demuxer-ogg: 62fdf1f143b41e24485cea50d1cbac27 -> 
  custom:video-decoder-webm-vp8: 9c59270c3fd7afecdb556c50c9e8de78 -> 
  custom:audio-decoder-ogg-vorbis: bf7c407c2cedff20999df2af8eb42d56 -> 
========================================================================
Received Prepare
Registering precompiled user dll's ...
Registered in 0.005698 seconds.
Begin MonoManager ReloadAssembly
Symbol file LoadedFromMemory doesn't match image C:\Users\Vazkez\Documents\GitHub\Curriculum\Curriculum\Library\PackageCache\com.unity.visualscripting@1.8.0\Editor\VisualScripting.Core\Dependencies\YamlDotNet\Unity.VisualScripting.YamlDotNet.dll
Symbol file LoadedFromMemory doesn't match image C:\Users\Vazkez\Documents\GitHub\Curriculum\Curriculum\Library\PackageCache\com.unity.visualscripting@1.8.0\Editor\VisualScripting.Core\Dependencies\DotNetZip\Unity.VisualScripting.IonicZip.dll
Native extension for WindowsStandalone target not found
Native extension for Android target not found
Native extension for WebGL target not found
Refreshing native plugins compatible for Editor in 0.65 ms, found 4 plugins.
Preloading 0 native plugins for Editor in 0.00 ms.
Mono: successfully reloaded assembly
- Completed reload, in  0.896 seconds
Domain Reload Profiling:
	ReloadAssembly (896ms)
		BeginReloadAssembly (143ms)
			ExecutionOrderSort (0ms)
			DisableScriptedObjects (5ms)
			BackupInstance (0ms)
			ReleaseScriptingObjects (0ms)
			CreateAndSetChildDomain (31ms)
		EndReloadAssembly (670ms)
			LoadAssemblies (110ms)
			RebuildTransferFunctionScriptingTraits (0ms)
			SetupTypeCache (220ms)
			ReleaseScriptCaches (2ms)
			RebuildScriptCaches (41ms)
			SetupLoadedEditorAssemblies (267ms)
				LogAssemblyErrors (0ms)
				InitializePlatformSupportModulesInManaged (14ms)
				SetLoadedEditorAssemblies (0ms)
				RefreshPlugins (1ms)
				BeforeProcessingInitializeOnLoad (61ms)
				ProcessInitializeOnLoadAttributes (149ms)
				ProcessInitializeOnLoadMethodAttributes (40ms)
				AfterProcessingInitializeOnLoad (2ms)
				EditorAssembliesLoaded (0ms)
			ExecutionOrderSort2 (0ms)
			AwakeInstancesAfterBackupRestoration (15ms)
Platform modules already initialized, skipping
Refreshing native plugins compatible for Editor in 2.26 ms, found 4 plugins.
Preloading 0 native plugins for Editor in 0.00 ms.
Unloading 4745 Unused Serialized files (Serialized files now loaded: 0)
Unloading 32 unused Assets / (195.7 KB). Loaded Objects now: 5444.
Memory consumption went from 180.0 MB to 179.8 MB.
Total: 2.534300 ms (FindLiveObjects: 0.257200 ms CreateObjectMapping: 0.175700 ms MarkObjects: 1.983000 ms  DeleteObjects: 0.117600 ms)

AssetImportParameters requested are different than current active one (requested -> active):
  custom:video-decoder-ogg-theora: a1e56fd34408186e4bbccfd4996cb3dc -> 
  custom:container-muxer-webm: aa71ff27fc2769a1b78a27578f13a17b -> 
  custom:container-demuxer-webm: 4f35f7cbe854078d1ac9338744f61a02 -> 
  custom:video-encoder-webm-vp8: eb34c28f22e8b96e1ab97ce403110664 -> 
  custom:audio-encoder-webm-vorbis: bf7c407c2cedff20999df2af8eb42d56 -> 
  custom:framework-win-MediaFoundation: 216162199b28c13a410421893ffa2e32 -> 
  custom:container-demuxer-ogg: 62fdf1f143b41e24485cea50d1cbac27 -> 
  custom:video-decoder-webm-vp8: 9c59270c3fd7afecdb556c50c9e8de78 -> 
  custom:audio-decoder-ogg-vorbis: bf7c407c2cedff20999df2af8eb42d56 -> 
========================================================================
Received Prepare
Refreshing native plugins compatible for Editor in 5.24 ms, found 4 plugins.
Preloading 0 native plugins for Editor in 0.00 ms.
Unloading 32 Unused Serialized files (Serialized files now loaded: 0)
Unloading 32 unused Assets / (194.4 KB). Loaded Objects now: 5444.
Memory consumption went from 85.7 MB to 85.5 MB.
Total: 3.699200 ms (FindLiveObjects: 0.369800 ms CreateObjectMapping: 0.245300 ms MarkObjects: 2.951300 ms  DeleteObjects: 0.131800 ms)

AssetImportParameters requested are different than current active one (requested -> active):
  custom:video-decoder-ogg-theora: a1e56fd34408186e4bbccfd4996cb3dc -> 
  custom:container-muxer-webm: aa71ff27fc2769a1b78a27578f13a17b -> 
  custom:container-demuxer-webm: 4f35f7cbe854078d1ac9338744f61a02 -> 
  custom:video-encoder-webm-vp8: eb34c28f22e8b96e1ab97ce403110664 -> 
  custom:audio-encoder-webm-vorbis: bf7c407c2cedff20999df2af8eb42d56 -> 
  custom:framework-win-MediaFoundation: 216162199b28c13a410421893ffa2e32 -> 
  custom:container-demuxer-ogg: 62fdf1f143b41e24485cea50d1cbac27 -> 
  custom:video-decoder-webm-vp8: 9c59270c3fd7afecdb556c50c9e8de78 -> 
  custom:audio-decoder-ogg-vorbis: bf7c407c2cedff20999df2af8eb42d56 -> 
