Using pre-set license
Built from '2021.3/staging' branch; Version is '2021.3.23f1 (213b516bf396) revision 2177873'; Using compiler version '192829333'; Build Type 'Release'
OS: 'Windows 10  (10.0.19045) 64bit Professional' Language: 'es' Physical Memory: 32637 MB
BatchMode: 1, IsHumanControllingUs: 0, StartBugReporterOnCrash: 0, Is64bit: 1, IsPro: 1

COMMAND LINE ARGUMENTS:
D:\Unity Editors\2021.3.23f1\Editor\Unity.exe
-adb2
-batchMode
-noUpm
-name
AssetImportWorker4
-projectPath
C:/Users/Vazkez/Documents/GitHub/Curriculum/Curriculum
-logFile
Logs/AssetImportWorker4.log
-srvPort
51311
Successfully changed project path to: C:/Users/Vazkez/Documents/GitHub/Curriculum/Curriculum
C:/Users/Vazkez/Documents/GitHub/Curriculum/Curriculum
[UnityMemory] Configuration Parameters - Can be set up in boot.config
    "memorysetup-bucket-allocator-granularity=16"
    "memorysetup-bucket-allocator-bucket-count=8"
    "memorysetup-bucket-allocator-block-size=33554432"
    "memorysetup-bucket-allocator-block-count=8"
    "memorysetup-main-allocator-block-size=16777216"
    "memorysetup-thread-allocator-block-size=16777216"
    "memorysetup-gfx-main-allocator-block-size=16777216"
    "memorysetup-gfx-thread-allocator-block-size=16777216"
    "memorysetup-cache-allocator-block-size=4194304"
    "memorysetup-typetree-allocator-block-size=2097152"
    "memorysetup-profiler-bucket-allocator-granularity=16"
    "memorysetup-profiler-bucket-allocator-bucket-count=8"
    "memorysetup-profiler-bucket-allocator-block-size=33554432"
    "memorysetup-profiler-bucket-allocator-block-count=8"
    "memorysetup-profiler-allocator-block-size=16777216"
    "memorysetup-profiler-editor-allocator-block-size=1048576"
    "memorysetup-temp-allocator-size-main=16777216"
    "memorysetup-job-temp-allocator-block-size=2097152"
    "memorysetup-job-temp-allocator-block-size-background=1048576"
    "memorysetup-job-temp-allocator-reduction-small-platforms=262144"
    "memorysetup-temp-allocator-size-background-worker=32768"
    "memorysetup-temp-allocator-size-job-worker=262144"
    "memorysetup-temp-allocator-size-preload-manager=33554432"
    "memorysetup-temp-allocator-size-nav-mesh-worker=65536"
    "memorysetup-temp-allocator-size-audio-worker=65536"
    "memorysetup-temp-allocator-size-cloud-worker=32768"
    "memorysetup-temp-allocator-size-gi-baking-worker=262144"
    "memorysetup-temp-allocator-size-gfx=262144"
Player connection [23820] Host "[IP] 192.168.1.128 [Port] 0 [Flags] 2 [Guid] 138785597 [EditorId] 138785597 [Version] 1048832 [Id] WindowsEditor(7,DESKTOP-TBO2R08) [Debug] 1 [PackageName] WindowsEditor [ProjectName] Editor" joined multi-casting on [225.0.0.222:54997]...

Player connection [23820] Host "[IP] 192.168.1.128 [Port] 0 [Flags] 2 [Guid] 138785597 [EditorId] 138785597 [Version] 1048832 [Id] WindowsEditor(7,DESKTOP-TBO2R08) [Debug] 1 [PackageName] WindowsEditor [ProjectName] Editor" joined alternative multi-casting on [225.0.0.222:34997]...

Refreshing native plugins compatible for Editor in 102.60 ms, found 4 plugins.
Preloading 0 native plugins for Editor in 0.00 ms.
Initialize engine version: 2021.3.23f1 (213b516bf396)
[Subsystems] Discovering subsystems at path D:/Unity Editors/2021.3.23f1/Editor/Data/Resources/UnitySubsystems
[Subsystems] Discovering subsystems at path C:/Users/Vazkez/Documents/GitHub/Curriculum/Curriculum/Assets
GfxDevice: creating device client; threaded=0; jobified=0
Direct3D:
    Version:  Direct3D 11.0 [level 11.1]
    Renderer: NVIDIA GeForce RTX 3060 Ti (ID=0x2489)
    Vendor:   NVIDIA
    VRAM:     8038 MB
    Driver:   31.0.15.3623
Initialize mono
Mono path[0] = 'D:/Unity Editors/2021.3.23f1/Editor/Data/Managed'
Mono path[1] = 'D:/Unity Editors/2021.3.23f1/Editor/Data/MonoBleedingEdge/lib/mono/unityjit-win32'
Mono config path = 'D:/Unity Editors/2021.3.23f1/Editor/Data/MonoBleedingEdge/etc'
Using monoOptions --debugger-agent=transport=dt_socket,embedding=1,server=y,suspend=n,address=127.0.0.1:56892
Begin MonoManager ReloadAssembly
Registering precompiled unity dll's ...
Register platform support module: D:/Unity Editors/2021.3.23f1/Editor/Data/PlaybackEngines/WebGLSupport/UnityEditor.WebGL.Extensions.dll
Register platform support module: D:/Unity Editors/2021.3.23f1/Editor/Data/PlaybackEngines/AndroidPlayer/UnityEditor.Android.Extensions.dll
Register platform support module: D:/Unity Editors/2021.3.23f1/Editor/Data/PlaybackEngines/WindowsStandaloneSupport/UnityEditor.WindowsStandalone.Extensions.dll
Registered in 0.002407 seconds.
Native extension for WindowsStandalone target not found
Native extension for Android target not found
Android Extension - Scanning For ADB Devices 192 ms
Native extension for WebGL target not found
Refreshing native plugins compatible for Editor in 97.70 ms, found 4 plugins.
Preloading 0 native plugins for Editor in 0.00 ms.
Mono: successfully reloaded assembly
- Completed reload, in  0.762 seconds
Domain Reload Profiling:
	ReloadAssembly (763ms)
		BeginReloadAssembly (71ms)
			ExecutionOrderSort (0ms)
			DisableScriptedObjects (0ms)
			BackupInstance (0ms)
			ReleaseScriptingObjects (0ms)
			CreateAndSetChildDomain (0ms)
		EndReloadAssembly (604ms)
			LoadAssemblies (72ms)
			RebuildTransferFunctionScriptingTraits (0ms)
			SetupTypeCache (83ms)
			ReleaseScriptCaches (0ms)
			RebuildScriptCaches (31ms)
			SetupLoadedEditorAssemblies (451ms)
				LogAssemblyErrors (0ms)
				InitializePlatformSupportModulesInManaged (253ms)
				SetLoadedEditorAssemblies (0ms)
				RefreshPlugins (98ms)
				BeforeProcessingInitializeOnLoad (1ms)
				ProcessInitializeOnLoadAttributes (69ms)
				ProcessInitializeOnLoadMethodAttributes (31ms)
				AfterProcessingInitializeOnLoad (0ms)
				EditorAssembliesLoaded (0ms)
			ExecutionOrderSort2 (0ms)
			AwakeInstancesAfterBackupRestoration (0ms)
Platform modules already initialized, skipping
Registering precompiled user dll's ...
Registered in 0.007153 seconds.
Begin MonoManager ReloadAssembly
Symbol file LoadedFromMemory doesn't match image C:\Users\Vazkez\Documents\GitHub\Curriculum\Curriculum\Library\PackageCache\com.unity.visualscripting@1.8.0\Editor\VisualScripting.Core\Dependencies\YamlDotNet\Unity.VisualScripting.YamlDotNet.dll
Symbol file LoadedFromMemory doesn't match image C:\Users\Vazkez\Documents\GitHub\Curriculum\Curriculum\Library\PackageCache\com.unity.visualscripting@1.8.0\Editor\VisualScripting.Core\Dependencies\DotNetZip\Unity.VisualScripting.IonicZip.dll
Native extension for WindowsStandalone target not found
Native extension for Android target not found
Native extension for WebGL target not found
Refreshing native plugins compatible for Editor in 89.87 ms, found 4 plugins.
Preloading 0 native plugins for Editor in 0.00 ms.
Mono: successfully reloaded assembly
- Completed reload, in  1.061 seconds
Domain Reload Profiling:
	ReloadAssembly (1062ms)
		BeginReloadAssembly (102ms)
			ExecutionOrderSort (0ms)
			DisableScriptedObjects (4ms)
			BackupInstance (0ms)
			ReleaseScriptingObjects (0ms)
			CreateAndSetChildDomain (15ms)
		EndReloadAssembly (871ms)
			LoadAssemblies (92ms)
			RebuildTransferFunctionScriptingTraits (0ms)
			SetupTypeCache (236ms)
			ReleaseScriptCaches (0ms)
			RebuildScriptCaches (54ms)
			SetupLoadedEditorAssemblies (452ms)
				LogAssemblyErrors (0ms)
				InitializePlatformSupportModulesInManaged (12ms)
				SetLoadedEditorAssemblies (0ms)
				RefreshPlugins (90ms)
				BeforeProcessingInitializeOnLoad (87ms)
				ProcessInitializeOnLoadAttributes (230ms)
				ProcessInitializeOnLoadMethodAttributes (30ms)
				AfterProcessingInitializeOnLoad (2ms)
				EditorAssembliesLoaded (0ms)
			ExecutionOrderSort2 (0ms)
			AwakeInstancesAfterBackupRestoration (5ms)
Platform modules already initialized, skipping
========================================================================
Worker process is ready to serve import requests
Launched and connected shader compiler UnityShaderCompiler.exe after 0.03 seconds
Refreshing native plugins compatible for Editor in 0.96 ms, found 4 plugins.
Preloading 0 native plugins for Editor in 0.00 ms.
Unloading 4787 Unused Serialized files (Serialized files now loaded: 0)
Unloading 44 unused Assets / (203.7 KB). Loaded Objects now: 5248.
Memory consumption went from 177.3 MB to 177.1 MB.
Total: 2.850600 ms (FindLiveObjects: 0.343400 ms CreateObjectMapping: 0.151800 ms MarkObjects: 2.244900 ms  DeleteObjects: 0.109700 ms)

AssetImportParameters requested are different than current active one (requested -> active):
  custom:video-decoder-ogg-theora: a1e56fd34408186e4bbccfd4996cb3dc -> 
  custom:container-muxer-webm: aa71ff27fc2769a1b78a27578f13a17b -> 
  custom:container-demuxer-webm: 4f35f7cbe854078d1ac9338744f61a02 -> 
  custom:video-encoder-webm-vp8: eb34c28f22e8b96e1ab97ce403110664 -> 
  custom:audio-encoder-webm-vorbis: bf7c407c2cedff20999df2af8eb42d56 -> 
  custom:framework-win-MediaFoundation: 216162199b28c13a410421893ffa2e32 -> 
  custom:container-demuxer-ogg: 62fdf1f143b41e24485cea50d1cbac27 -> 
  custom:video-decoder-webm-vp8: 9c59270c3fd7afecdb556c50c9e8de78 -> 
  custom:audio-decoder-ogg-vorbis: bf7c407c2cedff20999df2af8eb42d56 -> 
========================================================================
Received Import Request.
  Time since last request: 11120.846796 seconds.
  path: Assets/Textures/cliff_background1_flat.png
  artifactKey: Guid(9be3886632544ac44a89eda45286874a) Importer(815301076,1909f56bfc062723c751e8b465ee728b)
Start importing Assets/Textures/cliff_background1_flat.png using Guid(9be3886632544ac44a89eda45286874a) Importer(815301076,1909f56bfc062723c751e8b465ee728b)  -> (artifact id: '426ce9ea8aed9fca105c30c853539157') in 0.130591 seconds 
========================================================================
Received Import Request.
  Time since last request: 0.000029 seconds.
  path: Assets/Textures/cliff_background2_flat.png
  artifactKey: Guid(74d45e7927d9b8540a25553266ae8091) Importer(815301076,1909f56bfc062723c751e8b465ee728b)
Start importing Assets/Textures/cliff_background2_flat.png using Guid(74d45e7927d9b8540a25553266ae8091) Importer(815301076,1909f56bfc062723c751e8b465ee728b)  -> (artifact id: 'e19cd14244a36f2344a39362e4703488') in 0.040080 seconds 
========================================================================
Received Import Request.
  Time since last request: 0.000028 seconds.
  path: Assets/Textures/backgr6.psd
  artifactKey: Guid(e8d4ec58fe22d4245ac7b94c547f02b8) Importer(815301076,1909f56bfc062723c751e8b465ee728b)
Start importing Assets/Textures/backgr6.psd using Guid(e8d4ec58fe22d4245ac7b94c547f02b8) Importer(815301076,1909f56bfc062723c751e8b465ee728b)  -> (artifact id: 'e7177dc4acc00d294369a32c754a08f6') in 0.289014 seconds 
========================================================================
Received Import Request.
  Time since last request: 0.000022 seconds.
  path: Assets/Textures/Big-fat-Liana.png
  artifactKey: Guid(a37821885d529164c9f2fa17f7aa0825) Importer(815301076,1909f56bfc062723c751e8b465ee728b)
Start importing Assets/Textures/Big-fat-Liana.png using Guid(a37821885d529164c9f2fa17f7aa0825) Importer(815301076,1909f56bfc062723c751e8b465ee728b)  -> (artifact id: 'e27e978b41ad7bd56cd709432a41ec41') in 0.048366 seconds 
========================================================================
Received Import Request.
  Time since last request: 0.000054 seconds.
  path: Assets/Textures/branch4.png
  artifactKey: Guid(b79668168dcbbf04e8d588a204728707) Importer(815301076,1909f56bfc062723c751e8b465ee728b)
Start importing Assets/Textures/branch4.png using Guid(b79668168dcbbf04e8d588a204728707) Importer(815301076,1909f56bfc062723c751e8b465ee728b)  -> (artifact id: 'af3a01eab1e2fb9e20bf008a0671cd46') in 0.033977 seconds 
========================================================================
Received Import Request.
  Time since last request: 0.000016 seconds.
  path: Assets/Textures/branchc5.png
  artifactKey: Guid(7190264a48374bc4d896bfffd01e72e1) Importer(815301076,1909f56bfc062723c751e8b465ee728b)
Start importing Assets/Textures/branchc5.png using Guid(7190264a48374bc4d896bfffd01e72e1) Importer(815301076,1909f56bfc062723c751e8b465ee728b)  -> (artifact id: '542f86a83915db4fd17bd16534ce3f8f') in 0.055087 seconds 
========================================================================
Received Import Request.
  Time since last request: 0.000030 seconds.
  path: Assets/Textures/branch3.png
  artifactKey: Guid(2da38023a3c38374cbb93475bfffdcfb) Importer(815301076,1909f56bfc062723c751e8b465ee728b)
Start importing Assets/Textures/branch3.png using Guid(2da38023a3c38374cbb93475bfffdcfb) Importer(815301076,1909f56bfc062723c751e8b465ee728b)  -> (artifact id: '37ccfefde3f007438d005176e1286d22') in 0.034201 seconds 
========================================================================
Received Import Request.
  Time since last request: 0.000029 seconds.
  path: Assets/Textures/backgr_mount2.psd
  artifactKey: Guid(f28c3306d2efb6640a883c178d2097b9) Importer(815301076,1909f56bfc062723c751e8b465ee728b)
Start importing Assets/Textures/backgr_mount2.psd using Guid(f28c3306d2efb6640a883c178d2097b9) Importer(815301076,1909f56bfc062723c751e8b465ee728b)  -> (artifact id: '69aeaeddc81f730e462f6e22d4c3e995') in 0.114927 seconds 
========================================================================
Received Import Request.
  Time since last request: 0.000029 seconds.
  path: Assets/Textures/Certificates/openwebinars18.jpg
  artifactKey: Guid(e04d1326cc299ea4ca2a7dd81e68d153) Importer(815301076,1909f56bfc062723c751e8b465ee728b)
Start importing Assets/Textures/Certificates/openwebinars18.jpg using Guid(e04d1326cc299ea4ca2a7dd81e68d153) Importer(815301076,1909f56bfc062723c751e8b465ee728b)  -> (artifact id: '6550d8876ab10ceb0d65c5543ab5042e') in 0.157234 seconds 
========================================================================
Received Import Request.
  Time since last request: 0.000028 seconds.
  path: Assets/Textures/backgr4.psd
  artifactKey: Guid(71f65735dbb3b6249aa189052eafa95a) Importer(815301076,1909f56bfc062723c751e8b465ee728b)
Start importing Assets/Textures/backgr4.psd using Guid(71f65735dbb3b6249aa189052eafa95a) Importer(815301076,1909f56bfc062723c751e8b465ee728b)  -> (artifact id: 'b69b070feaec260c3e94d3e664f385cd') in 0.298629 seconds 
========================================================================
Received Import Request.
  Time since last request: 0.000025 seconds.
  path: Assets/Textures/Big-fat-Liana_flat.png
  artifactKey: Guid(fe4d563493993fb4a9a246a97dd8b4da) Importer(815301076,1909f56bfc062723c751e8b465ee728b)
Start importing Assets/Textures/Big-fat-Liana_flat.png using Guid(fe4d563493993fb4a9a246a97dd8b4da) Importer(815301076,1909f56bfc062723c751e8b465ee728b)  -> (artifact id: '3da16f88b16cc2dfd4873a171d964d48') in 0.052966 seconds 
========================================================================
Received Import Request.
  Time since last request: 0.000028 seconds.
  path: Assets/Textures/cliffleft1.png
  artifactKey: Guid(fbff45c1bff1dac459cdc20357ccb37f) Importer(815301076,1909f56bfc062723c751e8b465ee728b)
Start importing Assets/Textures/cliffleft1.png using Guid(fbff45c1bff1dac459cdc20357ccb37f) Importer(815301076,1909f56bfc062723c751e8b465ee728b)  -> (artifact id: 'b9d55a81282978fed09b20ce973a101d') in 0.043183 seconds 
========================================================================
Received Import Request.
  Time since last request: 0.000018 seconds.
  path: Assets/Textures/Certificates/openwebinars17.jpg
  artifactKey: Guid(c0487d49a861d56499c2d0db851c7bee) Importer(815301076,1909f56bfc062723c751e8b465ee728b)
Start importing Assets/Textures/Certificates/openwebinars17.jpg using Guid(c0487d49a861d56499c2d0db851c7bee) Importer(815301076,1909f56bfc062723c751e8b465ee728b)  -> (artifact id: 'e70bfb37909b2a434d277b41be3011e7') in 0.143583 seconds 
========================================================================
Received Import Request.
  Time since last request: 0.000024 seconds.
  path: Assets/Textures/branchc4.png
  artifactKey: Guid(43ee67230f501a84684ff7bdafb922f4) Importer(815301076,1909f56bfc062723c751e8b465ee728b)
Start importing Assets/Textures/branchc4.png using Guid(43ee67230f501a84684ff7bdafb922f4) Importer(815301076,1909f56bfc062723c751e8b465ee728b)  -> (artifact id: '6ca6ba76f686661db65028f181e4ef08') in 0.045871 seconds 
========================================================================
Received Import Request.
  Time since last request: 9.912705 seconds.
  path: Assets/TextMesh Pro/Documentation/TextMesh Pro User Guide 2016.pdf
  artifactKey: Guid(1b8d251f9af63b746bf2f7ffe00ebb9b) Importer(815301076,1909f56bfc062723c751e8b465ee728b)
Start importing Assets/TextMesh Pro/Documentation/TextMesh Pro User Guide 2016.pdf using Guid(1b8d251f9af63b746bf2f7ffe00ebb9b) Importer(815301076,1909f56bfc062723c751e8b465ee728b)  -> (artifact id: '06d594f0f45c0070f56c2dd42a9bd84c') in 0.027157 seconds 
========================================================================
Received Import Request.
  Time since last request: 2.186466 seconds.
  path: Assets/TextMesh Pro/Fonts/LiberationSans.ttf
  artifactKey: Guid(e3265ab4bf004d28a9537516768c1c75) Importer(815301076,1909f56bfc062723c751e8b465ee728b)
Start importing Assets/TextMesh Pro/Fonts/LiberationSans.ttf using Guid(e3265ab4bf004d28a9537516768c1c75) Importer(815301076,1909f56bfc062723c751e8b465ee728b)  -> (artifact id: '3aa38c98bfb4b46681050c9a3dc801be') in 0.043730 seconds 
========================================================================
Received Import Request.
  Time since last request: 8.473500 seconds.
  path: Assets/Sounds/BackgroundMusic.wav
  artifactKey: Guid(4c7e53cb5cb3eb74ebdd287571cb8bea) Importer(815301076,1909f56bfc062723c751e8b465ee728b)
Start importing Assets/Sounds/BackgroundMusic.wav using Guid(4c7e53cb5cb3eb74ebdd287571cb8bea) Importer(815301076,1909f56bfc062723c751e8b465ee728b)  -> (artifact id: 'a8ae5ca8b51ea49289ef8a79f23a0884') in 0.038689 seconds 
========================================================================
Received Import Request.
  Time since last request: 12.544524 seconds.
  path: Assets/Materials/Dust.mat
  artifactKey: Guid(624b98c6e3625554085643f81b45c91f) Importer(815301076,1909f56bfc062723c751e8b465ee728b)
Start importing Assets/Materials/Dust.mat using Guid(624b98c6e3625554085643f81b45c91f) Importer(815301076,1909f56bfc062723c751e8b465ee728b)  -> (artifact id: 'f5475ac313b0651915d4d199b8c0febc') in 0.037146 seconds 
========================================================================
Received Import Request.
  Time since last request: 2.166435 seconds.
  path: Assets/Localization/Languages Shared Data.asset
  artifactKey: Guid(8976d5c9f29f5cb47bb2c9601ba0b5bd) Importer(815301076,1909f56bfc062723c751e8b465ee728b)
Start importing Assets/Localization/Languages Shared Data.asset using Guid(8976d5c9f29f5cb47bb2c9601ba0b5bd) Importer(815301076,1909f56bfc062723c751e8b465ee728b)  -> (artifact id: 'c82e67647fbb293ade207e2957eff35d') in 0.012046 seconds 
========================================================================
Received Prepare
Refreshing native plugins compatible for Editor in 7.59 ms, found 4 plugins.
Preloading 0 native plugins for Editor in 0.00 ms.
Unloading 32 Unused Serialized files (Serialized files now loaded: 0)
Unloading 32 unused Assets / (193.3 KB). Loaded Objects now: 5316.
Memory consumption went from 85.2 MB to 85.0 MB.
Total: 4.135400 ms (FindLiveObjects: 0.372500 ms CreateObjectMapping: 0.217000 ms MarkObjects: 3.354400 ms  DeleteObjects: 0.190800 ms)

AssetImportParameters requested are different than current active one (requested -> active):
  custom:video-decoder-ogg-theora: a1e56fd34408186e4bbccfd4996cb3dc -> 
  custom:container-muxer-webm: aa71ff27fc2769a1b78a27578f13a17b -> 
  custom:container-demuxer-webm: 4f35f7cbe854078d1ac9338744f61a02 -> 
  custom:video-encoder-webm-vp8: eb34c28f22e8b96e1ab97ce403110664 -> 
  custom:audio-encoder-webm-vorbis: bf7c407c2cedff20999df2af8eb42d56 -> 
  custom:framework-win-MediaFoundation: 216162199b28c13a410421893ffa2e32 -> 
  custom:container-demuxer-ogg: 62fdf1f143b41e24485cea50d1cbac27 -> 
  custom:video-decoder-webm-vp8: 9c59270c3fd7afecdb556c50c9e8de78 -> 
  custom:audio-decoder-ogg-vorbis: bf7c407c2cedff20999df2af8eb42d56 -> 
========================================================================
Received Prepare
Refreshing native plugins compatible for Editor in 4.14 ms, found 4 plugins.
Preloading 0 native plugins for Editor in 0.00 ms.
Unloading 32 Unused Serialized files (Serialized files now loaded: 0)
Unloading 32 unused Assets / (193.4 KB). Loaded Objects now: 5316.
Memory consumption went from 85.2 MB to 85.0 MB.
Total: 2.696900 ms (FindLiveObjects: 0.261200 ms CreateObjectMapping: 0.148800 ms MarkObjects: 2.174700 ms  DeleteObjects: 0.111500 ms)

AssetImportParameters requested are different than current active one (requested -> active):
  custom:video-decoder-ogg-theora: a1e56fd34408186e4bbccfd4996cb3dc -> 
  custom:container-muxer-webm: aa71ff27fc2769a1b78a27578f13a17b -> 
  custom:container-demuxer-webm: 4f35f7cbe854078d1ac9338744f61a02 -> 
  custom:video-encoder-webm-vp8: eb34c28f22e8b96e1ab97ce403110664 -> 
  custom:audio-encoder-webm-vorbis: bf7c407c2cedff20999df2af8eb42d56 -> 
  custom:framework-win-MediaFoundation: 216162199b28c13a410421893ffa2e32 -> 
  custom:container-demuxer-ogg: 62fdf1f143b41e24485cea50d1cbac27 -> 
  custom:video-decoder-webm-vp8: 9c59270c3fd7afecdb556c50c9e8de78 -> 
  custom:audio-decoder-ogg-vorbis: bf7c407c2cedff20999df2af8eb42d56 -> 
========================================================================
Received Prepare
Registering precompiled user dll's ...
Registered in 0.006713 seconds.
Begin MonoManager ReloadAssembly
Symbol file LoadedFromMemory doesn't match image C:\Users\Vazkez\Documents\GitHub\Curriculum\Curriculum\Library\PackageCache\com.unity.visualscripting@1.8.0\Editor\VisualScripting.Core\Dependencies\YamlDotNet\Unity.VisualScripting.YamlDotNet.dll
Symbol file LoadedFromMemory doesn't match image C:\Users\Vazkez\Documents\GitHub\Curriculum\Curriculum\Library\PackageCache\com.unity.visualscripting@1.8.0\Editor\VisualScripting.Core\Dependencies\DotNetZip\Unity.VisualScripting.IonicZip.dll
Native extension for WindowsStandalone target not found
Native extension for Android target not found
Native extension for WebGL target not found
Refreshing native plugins compatible for Editor in 0.65 ms, found 4 plugins.
Preloading 0 native plugins for Editor in 0.00 ms.
Mono: successfully reloaded assembly
- Completed reload, in  0.906 seconds
Domain Reload Profiling:
	ReloadAssembly (906ms)
		BeginReloadAssembly (148ms)
			ExecutionOrderSort (0ms)
			DisableScriptedObjects (6ms)
			BackupInstance (0ms)
			ReleaseScriptingObjects (0ms)
			CreateAndSetChildDomain (30ms)
		EndReloadAssembly (685ms)
			LoadAssemblies (112ms)
			RebuildTransferFunctionScriptingTraits (0ms)
			SetupTypeCache (225ms)
			ReleaseScriptCaches (1ms)
			RebuildScriptCaches (43ms)
			SetupLoadedEditorAssemblies (282ms)
				LogAssemblyErrors (0ms)
				InitializePlatformSupportModulesInManaged (12ms)
				SetLoadedEditorAssemblies (0ms)
				RefreshPlugins (1ms)
				BeforeProcessingInitializeOnLoad (75ms)
				ProcessInitializeOnLoadAttributes (152ms)
				ProcessInitializeOnLoadMethodAttributes (40ms)
				AfterProcessingInitializeOnLoad (2ms)
				EditorAssembliesLoaded (0ms)
			ExecutionOrderSort2 (0ms)
			AwakeInstancesAfterBackupRestoration (13ms)
Platform modules already initialized, skipping
Refreshing native plugins compatible for Editor in 2.71 ms, found 4 plugins.
Preloading 0 native plugins for Editor in 0.00 ms.
Unloading 4745 Unused Serialized files (Serialized files now loaded: 0)
Unloading 32 unused Assets / (196.1 KB). Loaded Objects now: 5319.
Memory consumption went from 179.7 MB to 179.5 MB.
Total: 2.369800 ms (FindLiveObjects: 0.245300 ms CreateObjectMapping: 0.153800 ms MarkObjects: 1.856800 ms  DeleteObjects: 0.113300 ms)

AssetImportParameters requested are different than current active one (requested -> active):
  custom:video-decoder-ogg-theora: a1e56fd34408186e4bbccfd4996cb3dc -> 
  custom:container-muxer-webm: aa71ff27fc2769a1b78a27578f13a17b -> 
  custom:container-demuxer-webm: 4f35f7cbe854078d1ac9338744f61a02 -> 
  custom:video-encoder-webm-vp8: eb34c28f22e8b96e1ab97ce403110664 -> 
  custom:audio-encoder-webm-vorbis: bf7c407c2cedff20999df2af8eb42d56 -> 
  custom:framework-win-MediaFoundation: 216162199b28c13a410421893ffa2e32 -> 
  custom:container-demuxer-ogg: 62fdf1f143b41e24485cea50d1cbac27 -> 
  custom:video-decoder-webm-vp8: 9c59270c3fd7afecdb556c50c9e8de78 -> 
  custom:audio-decoder-ogg-vorbis: bf7c407c2cedff20999df2af8eb42d56 -> 
Editor requested this worker to shutdown with reason: Scaling down because of idle timeout
AssetImportWorker is now disconnected from the server
Process exiting
Exiting without the bug reporter. Application will terminate with return code 0